[NotebookApp | WARNING] No nbgrader_config.py file found (rerun with --debug to see where nbgrader is looking)
[NotebookApp | INFO] Loading the validate_assignment nbgrader serverextension
[NotebookApp | INFO] Serving notebooks from local directory: /home/ucsddse230/work
[NotebookApp | INFO] 0 active kernels
[NotebookApp | INFO] The Jupyter Notebook is running at:
[NotebookApp | INFO] http://[all ip addresses on your system]:8888/
[NotebookApp | INFO] Use Control-C to stop this server and shut down all kernels (twice to skip confirmation).
[NotebookApp | WARNING] 404 GET /api/kernels/b9802b62-8ee5-4665-9627-ceb1898afb68/channels?session_id=02c8f49001364c2d95ba6e6101081b1f (172.17.0.1): Kernel does not exist: b9802b62-8ee5-4665-9627-ceb1898afb68
[NotebookApp | WARNING] 404 GET /api/kernels/b9802b62-8ee5-4665-9627-ceb1898afb68/channels?session_id=02c8f49001364c2d95ba6e6101081b1f (172.17.0.1) 58.31ms referer=None
[NotebookApp | WARNING] 404 GET /api/contents/PySparkNoteBook?type=directory&_=1572261482064 (172.17.0.1): No such file or directory: PySparkNoteBook
[NotebookApp | WARNING] No such file or directory: PySparkNoteBook
[NotebookApp | WARNING] 404 GET /api/contents/PySparkNoteBook?type=directory&_=1572261482064 (172.17.0.1) 3.17ms referer=http://127.0.0.1:8889/tree/PySparkNoteBook
[NotebookApp | WARNING] 404 GET /tree/PySparkNoteBook (172.17.0.1) 1.43ms referer=None
[NotebookApp | WARNING] 404 GET /tree/PySparkNoteBook (172.17.0.1) 2.73ms referer=None
[NotebookApp | WARNING] 404 GET /tree/PySparkNoteBook (172.17.0.1) 1.86ms referer=None
[NotebookApp | WARNING] 404 GET /tree/PySparkNoteBook (172.17.0.1) 2.53ms referer=None
[NotebookApp | INFO] 302 GET / (172.17.0.1) 1.11ms
[NotebookApp | WARNING] Replacing stale connection: b9802b62-8ee5-4665-9627-ceb1898afb68:02c8f49001364c2d95ba6e6101081b1f
[NotebookApp | WARNING] Notebook PA1_collinear_points/pa1/PySparkNoteBook/Dataframes.ipynb is not trusted
[NotebookApp | INFO] Kernel started: f7eb830f-bc1b-49a4-9021-9d6d97515f3b
[NotebookApp | WARNING] 404 GET /static/components/bootstrap/js/tooltip.js?v=20191028162303 (172.17.0.1) 4.90ms referer=http://127.0.0.1:8889/notebooks/PA1_collinear_points/pa1/PySparkNoteBook/Dataframes.ipynb
[NotebookApp | INFO] Adapting to protocol v5.1 for kernel f7eb830f-bc1b-49a4-9021-9d6d97515f3b
[NotebookApp | INFO] Starting buffering for f7eb830f-bc1b-49a4-9021-9d6d97515f3b:b794d57f1c3045218d926437b9f1b62e
[NotebookApp | WARNING] Notebook Section1-Spark-Basics/2.SparkSQL/2.SparkSQLDataFrameOperations.ipynb is not trusted
[NotebookApp | INFO] Kernel started: 6f76473e-59f9-4722-9356-c770466a3e5c
[NotebookApp | WARNING] 404 GET /static/components/bootstrap/js/tooltip.js?v=20191028162303 (172.17.0.1) 4.21ms referer=http://127.0.0.1:8889/notebooks/Section1-Spark-Basics/2.SparkSQL/2.SparkSQLDataFrameOperations.ipynb
[NotebookApp | INFO] Adapting to protocol v5.1 for kernel 6f76473e-59f9-4722-9356-c770466a3e5c
[NotebookApp | WARNING] Notebook Section1-Spark-Basics/2.SparkSQL/1.SparkSQL.ipynb is not trusted
[NotebookApp | INFO] Kernel started: 56677fef-4025-49d3-89de-544bcca8508c
[NotebookApp | WARNING] 404 GET /static/components/bootstrap/js/tooltip.js?v=20191028162303 (172.17.0.1) 8.33ms referer=http://127.0.0.1:8889/notebooks/Section1-Spark-Basics/2.SparkSQL/1.SparkSQL.ipynb
[NotebookApp | INFO] Adapting to protocol v5.1 for kernel 56677fef-4025-49d3-89de-544bcca8508c
[NotebookApp | INFO] Saving file at /Section1-Spark-Basics/2.SparkSQL/2.SparkSQLDataFrameOperations.ipynb
[NotebookApp | WARNING] Notebook Section1-Spark-Basics/2.SparkSQL/2.SparkSQLDataFrameOperations.ipynb is not trusted
[NotebookApp | INFO] Saving file at /Section1-Spark-Basics/2.SparkSQL/1.SparkSQL.ipynb
[NotebookApp | WARNING] Notebook Section1-Spark-Basics/2.SparkSQL/1.SparkSQL.ipynb is not trusted
[NotebookApp | INFO] Starting buffering for 6f76473e-59f9-4722-9356-c770466a3e5c:c6397fa31c494b32bb6e99c84eb3c75c
[NotebookApp | WARNING] Notebook PA1_collinear_points/pa1/PySparkNoteBook/Dataframes.ipynb is not trusted
[NotebookApp | INFO] Adapting to protocol v5.1 for kernel f7eb830f-bc1b-49a4-9021-9d6d97515f3b
[NotebookApp | WARNING] 404 GET /static/components/bootstrap/js/tooltip.js?v=20191028162303 (172.17.0.1) 1.96ms referer=http://127.0.0.1:8889/notebooks/PA1_collinear_points/pa1/PySparkNoteBook/Dataframes.ipynb
[NotebookApp | INFO] Saving file at /PA1_collinear_points/pa1/PySparkNoteBook/Dataframes.ipynb
[NotebookApp | WARNING] Notebook PA1_collinear_points/pa1/PySparkNoteBook/Dataframes.ipynb is not trusted
[NotebookApp | INFO] Saving file at /PA1_collinear_points/pa1/PySparkNoteBook/Dataframes.ipynb
[NotebookApp | WARNING] Notebook PA1_collinear_points/pa1/PySparkNoteBook/Dataframes.ipynb is not trusted
[NotebookApp | INFO] Saving file at /PA1_collinear_points/pa1/PySparkNoteBook/Dataframes.ipynb
[NotebookApp | WARNING] Notebook PA1_collinear_points/pa1/PySparkNoteBook/Dataframes.ipynb is not trusted
[NotebookApp | INFO] Saving file at /PA1_collinear_points/pa1/PySparkNoteBook/Dataframes.ipynb
[NotebookApp | WARNING] Notebook PA1_collinear_points/pa1/PySparkNoteBook/Dataframes.ipynb is not trusted
[NotebookApp | INFO] Saving file at /PA1_collinear_points/pa1/PySparkNoteBook/Dataframes.ipynb
[NotebookApp | WARNING] Notebook PA1_collinear_points/pa1/PySparkNoteBook/Dataframes.ipynb is not trusted
[NotebookApp | INFO] Saving file at /PA1_collinear_points/pa1/PySparkNoteBook/Dataframes.ipynb
[NotebookApp | WARNING] Notebook PA1_collinear_points/pa1/PySparkNoteBook/Dataframes.ipynb is not trusted
[NotebookApp | INFO] Saving file at /PA1_collinear_points/pa1/PySparkNoteBook/Dataframes.ipynb
[NotebookApp | WARNING] Notebook PA1_collinear_points/pa1/PySparkNoteBook/Dataframes.ipynb is not trusted
[NotebookApp | INFO] Saving file at /PA1_collinear_points/pa1/PySparkNoteBook/Dataframes.ipynb
[NotebookApp | WARNING] Notebook PA1_collinear_points/pa1/PySparkNoteBook/Dataframes.ipynb is not trusted
[NotebookApp | INFO] Saving file at /PA1_collinear_points/pa1/PySparkNoteBook/Dataframes.ipynb
[NotebookApp | WARNING] Notebook PA1_collinear_points/pa1/PySparkNoteBook/Dataframes.ipynb is not trusted
[NotebookApp | INFO] Starting buffering for 56677fef-4025-49d3-89de-544bcca8508c:a9b3b5e8a17247e98a9d8b2830c60e59
[NotebookApp | INFO] Starting buffering for f7eb830f-bc1b-49a4-9021-9d6d97515f3b:7e4c6ad01cd34fcc85f303be7b0909e6
[NotebookApp | WARNING] No nbgrader_config.py file found (rerun with --debug to see where nbgrader is looking)
[NotebookApp | INFO] Loading the validate_assignment nbgrader serverextension
[NotebookApp | INFO] Serving notebooks from local directory: /home/ucsddse230/work
[NotebookApp | INFO] 0 active kernels
[NotebookApp | INFO] The Jupyter Notebook is running at:
[NotebookApp | INFO] http://[all ip addresses on your system]:8888/
[NotebookApp | INFO] Use Control-C to stop this server and shut down all kernels (twice to skip confirmation).
[NotebookApp | INFO] 302 GET / (172.17.0.1) 1.12ms
[NotebookApp | INFO] Creating new notebook in /my_code/Cours/week1_2
[NotebookApp | INFO] Kernel started: 9870d945-a536-48fd-bf1b-cd49ac8738e4
[NotebookApp | WARNING] 404 GET /static/components/bootstrap/js/tooltip.js?v=20191029101205 (172.17.0.1) 18.36ms referer=http://localhost:8889/notebooks/my_code/Cours/week1_2/Untitled.ipynb?kernel_name=python3
[NotebookApp | INFO] Adapting to protocol v5.1 for kernel 9870d945-a536-48fd-bf1b-cd49ac8738e4
[NotebookApp | WARNING] Notebook Section1-Spark-Basics/2.SparkSQL/1.SparkSQL.ipynb is not trusted
[NotebookApp | INFO] Kernel started: 9c0d8029-d151-4e20-9bd2-a357d71485dc
[NotebookApp | WARNING] 404 GET /static/components/bootstrap/js/tooltip.js?v=20191029101205 (172.17.0.1) 4.57ms referer=http://localhost:8889/notebooks/Section1-Spark-Basics/2.SparkSQL/1.SparkSQL.ipynb
[NotebookApp | INFO] Adapting to protocol v5.1 for kernel 9c0d8029-d151-4e20-9bd2-a357d71485dc
[NotebookApp | INFO] Starting buffering for 9c0d8029-d151-4e20-9bd2-a357d71485dc:52cb443c0f8244a7905b50348df57107
[NotebookApp | WARNING] Notebook Section1-Spark-Basics/2.SparkSQL/2.SparkSQLDataFrameOperations.ipynb is not trusted
[NotebookApp | INFO] Kernel started: 7f373c9b-c105-4753-bfcb-a026d29c56be
[NotebookApp | WARNING] 404 GET /static/components/bootstrap/js/tooltip.js?v=20191029101205 (172.17.0.1) 3.47ms referer=http://localhost:8889/notebooks/Section1-Spark-Basics/2.SparkSQL/2.SparkSQLDataFrameOperations.ipynb
[NotebookApp | INFO] Adapting to protocol v5.1 for kernel 7f373c9b-c105-4753-bfcb-a026d29c56be
[NotebookApp | INFO] Saving file at /my_code/Cours/week1_2/Dataframe_operations.ipynb
[NotebookApp | WARNING] Notebook my_code/Cours/week1_2/Dataframes.ipynb is not trusted
[NotebookApp | INFO] Kernel started: b66f982b-397d-4491-be5c-afca27a0e3fd
[NotebookApp | WARNING] 404 GET /static/components/bootstrap/js/tooltip.js?v=20191029101205 (172.17.0.1) 5.87ms referer=http://localhost:8889/notebooks/my_code/Cours/week1_2/Dataframes.ipynb
[NotebookApp | INFO] Adapting to protocol v5.1 for kernel b66f982b-397d-4491-be5c-afca27a0e3fd
[NotebookApp | INFO] Saving file at /Section1-Spark-Basics/2.SparkSQL/2.SparkSQLDataFrameOperations.ipynb
[NotebookApp | WARNING] Notebook Section1-Spark-Basics/2.SparkSQL/2.SparkSQLDataFrameOperations.ipynb is not trusted
[NotebookApp | INFO] Saving file at /my_code/Cours/week1_2/Dataframe_operations.ipynb
[NotebookApp | INFO] Saving file at /my_code/Cours/week1_2/Dataframes.ipynb
[NotebookApp | WARNING] Notebook my_code/Cours/week1_2/Dataframes.ipynb is not trusted
[NotebookApp | INFO] Saving file at /my_code/Cours/week1_2/Dataframe_operations.ipynb
[NotebookApp | INFO] Saving file at /my_code/Cours/week1_2/Dataframe_operations.ipynb
[NotebookApp | INFO] Saving file at /my_code/Cours/week1_2/Dataframe_operations.ipynb
[NotebookApp | INFO] Saving file at /my_code/Cours/week1_2/Dataframe_operations.ipynb
[NotebookApp | WARNING] delete /PA1_collinear_points/Data/US_weather_NY.parquet
[NotebookApp | WARNING] delete /PA1_collinear_points/Data/Weather
[NotebookApp | INFO] Saving file at /my_code/Cours/week1_2/Dataframe_operations.ipynb
[NotebookApp | INFO] Saving file at /my_code/Cours/week1_2/Dataframes.ipynb
[NotebookApp | WARNING] Notebook my_code/Cours/week1_2/Dataframes.ipynb is not trusted
[NotebookApp | INFO] Saving file at /my_code/Cours/week1_2/Dataframe_operations.ipynb
[NotebookApp | INFO] Saving file at /my_code/Cours/week1_2/Dataframe_operations.ipynb
[NotebookApp | INFO] Saving file at /my_code/Cours/week1_2/Dataframe_operations.ipynb
[NotebookApp | INFO] Saving file at /my_code/Cours/week1_2/Dataframe_operations.ipynb
[NotebookApp | INFO] Saving file at /my_code/Cours/week1_2/Dataframe_operations.ipynb
[NotebookApp | INFO] Saving file at /my_code/Cours/week1_2/Dataframe_operations.ipynb
[NotebookApp | INFO] Saving file at /my_code/Cours/week1_2/Dataframe_operations.ipynb
[NotebookApp | INFO] Saving file at /my_code/Cours/week1_2/Dataframe_operations.ipynb
[NotebookApp | INFO] Saving file at /my_code/Cours/week1_2/Dataframe_operations.ipynb
[NotebookApp | INFO] Saving file at /my_code/Cours/week1_2/Dataframe_operations.ipynb
[NotebookApp | INFO] Saving file at /my_code/Cours/week1_2/Dataframe_operations.ipynb
[NotebookApp | INFO] Saving file at /my_code/Cours/week1_2/Dataframe_operations.ipynb
[NotebookApp | INFO] Saving file at /my_code/Cours/week1_2/Dataframe_operations.ipynb
[NotebookApp | INFO] Saving file at /my_code/Cours/week1_2/Dataframe_operations.ipynb
[NotebookApp | INFO] Saving file at /my_code/Cours/week1_2/Dataframe_operations.ipynb
[NotebookApp | INFO] Starting buffering for 9870d945-a536-48fd-bf1b-cd49ac8738e4:feeb3cb010614a1baaf27c383d1467e6
[NotebookApp | INFO] Saving file at /Section1-Spark-Basics/2.SparkSQL/2.SparkSQLDataFrameOperations.ipynb
[NotebookApp | WARNING] Notebook Section1-Spark-Basics/2.SparkSQL/2.SparkSQLDataFrameOperations.ipynb is not trusted
[NotebookApp | INFO] Starting buffering for 7f373c9b-c105-4753-bfcb-a026d29c56be:b34a8649bac5449b90dff3ebe40ef3ef
[NotebookApp | INFO] Starting buffering for b66f982b-397d-4491-be5c-afca27a0e3fd:366af974de174d5c8621a3a0efc8afb8
[NotebookApp | WARNING] delete /my_code/Cours/week1_2/data/Weather/NY.parquet
[NotebookApp | INFO] Adapting to protocol v5.1 for kernel 9870d945-a536-48fd-bf1b-cd49ac8738e4
[NotebookApp | WARNING] 404 GET /static/components/bootstrap/js/tooltip.js?v=20191029101205 (172.17.0.1) 3.54ms referer=http://localhost:8889/notebooks/my_code/Cours/week1_2/Dataframe_operations.ipynb
[NotebookApp | WARNING] delete /my_code/Cours/week1_2/data/Weather/NY.tgz
[NotebookApp | INFO] Saving file at /my_code/Cours/week1_2/Dataframe_operations.ipynb
[NotebookApp | INFO] Starting buffering for 9870d945-a536-48fd-bf1b-cd49ac8738e4:217c7c92dcee49779329d33b7e937f5a
[NotebookApp | INFO] Adapting to protocol v5.1 for kernel 9870d945-a536-48fd-bf1b-cd49ac8738e4
[NotebookApp | WARNING] 404 GET /static/components/bootstrap/js/tooltip.js?v=20191029101205 (172.17.0.1) 3.51ms referer=http://localhost:8889/notebooks/my_code/Cours/week1_2/Dataframe_operations.ipynb
[NotebookApp | INFO] Starting buffering for 9870d945-a536-48fd-bf1b-cd49ac8738e4:59fa16c678174e87830b247f431671c8
[NotebookApp | INFO] Kernel shutdown: 9870d945-a536-48fd-bf1b-cd49ac8738e4
[NotebookApp | INFO] Kernel shutdown: b66f982b-397d-4491-be5c-afca27a0e3fd
[NotebookApp | INFO] interrupted
[NotebookApp | CRITICAL] Shutdown confirmed
[NotebookApp | INFO] Shutting down 2 kernels
[NotebookApp | INFO] Kernel shutdown: 9c0d8029-d151-4e20-9bd2-a357d71485dc
[NotebookApp | INFO] Kernel shutdown: 7f373c9b-c105-4753-bfcb-a026d29c56be
[NotebookApp | WARNING] No nbgrader_config.py file found (rerun with --debug to see where nbgrader is looking)
[NotebookApp | INFO] Loading the validate_assignment nbgrader serverextension
[NotebookApp | INFO] Serving notebooks from local directory: /home/ucsddse230/work
[NotebookApp | INFO] 0 active kernels
[NotebookApp | INFO] The Jupyter Notebook is running at:
[NotebookApp | INFO] http://[all ip addresses on your system]:8888/
[NotebookApp | INFO] Use Control-C to stop this server and shut down all kernels (twice to skip confirmation).
[NotebookApp | INFO] 302 GET / (172.17.0.1) 0.90ms
[NotebookApp | INFO] Creating new notebook in /my_code/Cours/week1_2
[NotebookApp | INFO] Kernel started: 79ccf4ec-efc8-4bce-b249-b751cc9342d2
[NotebookApp | WARNING] 404 GET /static/components/bootstrap/js/tooltip.js?v=20191029195840 (172.17.0.1) 18.34ms referer=http://localhost:8889/notebooks/my_code/Cours/week1_2/Untitled.ipynb?kernel_name=python3
[NotebookApp | INFO] Adapting to protocol v5.1 for kernel 79ccf4ec-efc8-4bce-b249-b751cc9342d2
[NotebookApp | INFO] Saving file at /my_code/Cours/week1_2/Untitled.ipynb
[NotebookApp | WARNING] Notebook Section1-Spark-Basics/2.SparkSQL/3.S3_HDFS_Parquet.ipynb is not trusted
[NotebookApp | INFO] 302 GET /notebooks/Section1-Spark-Basics/2.SparkSQL/Figures/AWS-EMR-S3.png (172.17.0.1) 16.68ms
[NotebookApp | INFO] Kernel started: 7d0ccc9b-22a6-451e-8360-b0d9d4a26801
[NotebookApp | INFO] Adapting to protocol v5.1 for kernel 7d0ccc9b-22a6-451e-8360-b0d9d4a26801
[NotebookApp | WARNING] 404 GET /static/components/bootstrap/js/tooltip.js?v=20191029195840 (172.17.0.1) 17.35ms referer=http://localhost:8889/notebooks/Section1-Spark-Basics/2.SparkSQL/3.S3_HDFS_Parquet.ipynb
[NotebookApp | INFO] Saving file at /Section1-Spark-Basics/2.SparkSQL/3.S3_HDFS_Parquet.ipynb
[NotebookApp | WARNING] Notebook Section1-Spark-Basics/2.SparkSQL/3.S3_HDFS_Parquet.ipynb is not trusted
[NotebookApp | INFO] Saving file at /Section1-Spark-Basics/2.SparkSQL/3.S3_HDFS_Parquet.ipynb
[NotebookApp | WARNING] Notebook Section1-Spark-Basics/2.SparkSQL/3.S3_HDFS_Parquet.ipynb is not trusted
[NotebookApp | INFO] Saving file at /my_code/Cours/week1_2/Parquet.ipynb
[NotebookApp | INFO] Starting buffering for 79ccf4ec-efc8-4bce-b249-b751cc9342d2:feb2c2d02cba40879d494aaec9941973
[NotebookApp | INFO] Starting buffering for 7d0ccc9b-22a6-451e-8360-b0d9d4a26801:48ca74fd9d5c4e7f80bdc4f801587598
[NotebookApp | INFO] interrupted
[NotebookApp | CRITICAL] Shutdown confirmed
[NotebookApp | INFO] Shutting down 2 kernels
[NotebookApp | INFO] Kernel shutdown: 79ccf4ec-efc8-4bce-b249-b751cc9342d2
[NotebookApp | INFO] Kernel shutdown: 7d0ccc9b-22a6-451e-8360-b0d9d4a26801
