[NotebookApp | WARNING] No nbgrader_config.py file found (rerun with --debug to see where nbgrader is looking)
[NotebookApp | INFO] Loading the validate_assignment nbgrader serverextension
[NotebookApp | INFO] Serving notebooks from local directory: /home/ucsddse230/work
[NotebookApp | INFO] 0 active kernels
[NotebookApp | INFO] The Jupyter Notebook is running at:
[NotebookApp | INFO] http://[all ip addresses on your system]:8888/
[NotebookApp | INFO] Use Control-C to stop this server and shut down all kernels (twice to skip confirmation).
[NotebookApp | INFO] 302 GET / (172.17.0.1) 0.80ms
[NotebookApp | INFO] interrupted
[NotebookApp | CRITICAL] Unwritable directory, please contact your instructor: /srv/nbgrader/exchange
[NotebookApp | CRITICAL] Unwritable directory, please contact your instructor: /srv/nbgrader/exchange
[NotebookApp | CRITICAL] Unwritable directory, please contact your instructor: /srv/nbgrader/exchange
[NotebookApp | CRITICAL] Unwritable directory, please contact your instructor: /srv/nbgrader/exchange
[NotebookApp | WARNING] No nbgrader_config.py file found (rerun with --debug to see where nbgrader is looking)
[NotebookApp | INFO] Loading the validate_assignment nbgrader serverextension
[NotebookApp | INFO] Serving notebooks from local directory: /home/ucsddse230/work
[NotebookApp | INFO] 0 active kernels
[NotebookApp | INFO] The Jupyter Notebook is running at:
[NotebookApp | INFO] http://[all ip addresses on your system]:8888/
[NotebookApp | INFO] Use Control-C to stop this server and shut down all kernels (twice to skip confirmation).
[NotebookApp | INFO] 302 GET / (172.17.0.1) 2.90ms
[NotebookApp | CRITICAL] Unwritable directory, please contact your instructor: /srv/nbgrader/exchange
[NotebookApp | CRITICAL] Unwritable directory, please contact your instructor: /srv/nbgrader/exchange
[NotebookApp | CRITICAL] Unwritable directory, please contact your instructor: /srv/nbgrader/exchange
[NotebookApp | CRITICAL] Unwritable directory, please contact your instructor: /srv/nbgrader/exchange
[NotebookApp | INFO] Creating new notebook in 
[NotebookApp | INFO] Writing notebook-signing key to /home/ucsddse230/.local/share/jupyter/notebook_secret
[NotebookApp | INFO] Kernel started: dfbb1651-c8bc-4d09-93e9-12aef7f70843
[NotebookApp | WARNING] 404 GET /static/components/bootstrap/js/tooltip.js?v=20191017163542 (172.17.0.1) 40.27ms referer=http://localhost:8889/notebooks/Untitled.ipynb?kernel_name=python3
[NotebookApp | INFO] Adapting to protocol v5.1 for kernel dfbb1651-c8bc-4d09-93e9-12aef7f70843
[NotebookApp | INFO] Saving file at /Untitled.ipynb
[NotebookApp | INFO] Saving file at /LazyEvaluation.ipynb
[NotebookApp | INFO] Saving file at /LazyEvaluation.ipynb
[NotebookApp | INFO] Saving file at /LazyEvaluation.ipynb
[NotebookApp | INFO] Saving file at /LazyEvaluation.ipynb
[NotebookApp | INFO] Saving file at /LazyEvaluation.ipynb
[NotebookApp | INFO] Saving file at /LazyEvaluation.ipynb
[NotebookApp | INFO] Saving file at /LazyEvaluation.ipynb
[NotebookApp | INFO] Saving file at /LazyEvaluation.ipynb
[NotebookApp | INFO] Saving file at /LazyEvaluation.ipynb
[NotebookApp | INFO] Saving file at /LazyEvaluation.ipynb
[NotebookApp | INFO] Saving file at /LazyEvaluation.ipynb
[NotebookApp | INFO] Saving file at /LazyEvaluation.ipynb
[NotebookApp | INFO] Saving file at /LazyEvaluation.ipynb
[NotebookApp | INFO] Saving file at /LazyEvaluation.ipynb
[NotebookApp | INFO] Saving file at /LazyEvaluation.ipynb
[NotebookApp | INFO] Saving file at /LazyEvaluation.ipynb
[NotebookApp | INFO] Saving file at /LazyEvaluation.ipynb
[NotebookApp | INFO] Saving file at /LazyEvaluation.ipynb
[NotebookApp | INFO] Saving file at /LazyEvaluation.ipynb
[NotebookApp | INFO] Saving file at /LazyEvaluation.ipynb
[NotebookApp | CRITICAL] Unwritable directory, please contact your instructor: /srv/nbgrader/exchange
[NotebookApp | CRITICAL] Unwritable directory, please contact your instructor: /srv/nbgrader/exchange
[NotebookApp | CRITICAL] Unwritable directory, please contact your instructor: /srv/nbgrader/exchange
[NotebookApp | CRITICAL] Unwritable directory, please contact your instructor: /srv/nbgrader/exchange
[NotebookApp | CRITICAL] Unwritable directory, please contact your instructor: /srv/nbgrader/exchange
[NotebookApp | CRITICAL] Unwritable directory, please contact your instructor: /srv/nbgrader/exchange
[NotebookApp | WARNING] No nbgrader_config.py file found. Rerun with DEBUG log level to see where nbgrader is looking.
[NotebookApp | CRITICAL] Unwritable directory, please contact your instructor: /srv/nbgrader/exchange
[NotebookApp | ERROR] Traceback (most recent call last):
      File "/opt/conda/lib/python3.6/site-packages/nbgrader/server_extensions/assignment_list/handlers.py", line 65, in list_released_assignments
        assignments = lister.start()
      File "/opt/conda/lib/python3.6/site-packages/nbgrader/exchange/list.py", line 129, in start
        super(ExchangeList, self).start()
      File "/opt/conda/lib/python3.6/site-packages/nbgrader/exchange/exchange.py", line 122, in start
        self.ensure_root()
      File "/opt/conda/lib/python3.6/site-packages/nbgrader/exchange/exchange.py", line 100, in ensure_root
        self.fail("Unwritable directory, please contact your instructor: {}".format(self.root))
      File "/opt/conda/lib/python3.6/site-packages/nbgrader/exchange/exchange.py", line 78, in fail
        raise ExchangeError(msg)
    nbgrader.exchange.exchange.ExchangeError: Unwritable directory, please contact your instructor: /srv/nbgrader/exchange
    
[NotebookApp | INFO] Saving file at /LazyEvaluation.ipynb
[NotebookApp | INFO] Saving file at /LazyEvaluation.ipynb
[NotebookApp | INFO] Starting buffering for dfbb1651-c8bc-4d09-93e9-12aef7f70843:bb364f6fa81d46489558c56f1a92601b
[NotebookApp | INFO] Creating new notebook in 
[NotebookApp | INFO] Kernel started: 3b6fd3cb-4f94-4f6b-94c6-2b59110815ff
[NotebookApp | WARNING] 404 GET /static/components/bootstrap/js/tooltip.js?v=20191017163542 (172.17.0.1) 2.51ms referer=http://localhost:8889/notebooks/Untitled.ipynb?kernel_name=python3
[NotebookApp | INFO] Adapting to protocol v5.1 for kernel 3b6fd3cb-4f94-4f6b-94c6-2b59110815ff
[NotebookApp | INFO] Saving file at /PartitionAndGlomming.ipynb
[NotebookApp | INFO] Saving file at /PartitionAndGlomming.ipynb
[NotebookApp | INFO] Saving file at /PartitionAndGlomming.ipynb
[NotebookApp | INFO] Saving file at /PartitionAndGlomming.ipynb
[NotebookApp | INFO] Saving file at /PartitionAndGlomming.ipynb
[NotebookApp | INFO] Saving file at /PartitionAndGlomming.ipynb
[NotebookApp | INFO] Saving file at /PartitionAndGlomming.ipynb
[NotebookApp | INFO] Saving file at /PartitionAndGlomming.ipynb
[NotebookApp | INFO] Saving file at /PartitionAndGlomming.ipynb
[NotebookApp | INFO] Saving file at /PartitionAndGlomming.ipynb
[NotebookApp | INFO] Saving file at /PartitionAndGlomming.ipynb
[NotebookApp | INFO] Saving file at /PartitionAndGlomming.ipynb
[NotebookApp | INFO] Saving file at /PartitionAndGlomming.ipynb
[NotebookApp | INFO] Saving file at /PartitionAndGlomming.ipynb
[NotebookApp | INFO] Saving file at /PartitionAndGlomming.ipynb
[NotebookApp | INFO] Saving file at /PartitionAndGlomming.ipynb
[NotebookApp | INFO] Saving file at /PartitionAndGlomming.ipynb
[NotebookApp | INFO] Saving file at /PartitionAndGlomming.ipynb
[NotebookApp | INFO] Saving file at /PartitionAndGlomming.ipynb
[NotebookApp | INFO] Saving file at /PartitionAndGlomming.ipynb
[NotebookApp | INFO] Saving file at /PartitionAndGlomming.ipynb
[NotebookApp | INFO] Saving file at /PartitionAndGlomming.ipynb
[NotebookApp | INFO] Saving file at /PartitionAndGlomming.ipynb
[NotebookApp | INFO] Saving file at /PartitionAndGlomming.ipynb
[NotebookApp | INFO] Saving file at /PartitionAndGlomming.ipynb
[NotebookApp | INFO] Saving file at /PartitionAndGlomming.ipynb
[NotebookApp | INFO] Saving file at /PartitionAndGlomming.ipynb
[NotebookApp | INFO] Saving file at /PartitionAndGlomming.ipynb
[NotebookApp | INFO] Saving file at /PartitionAndGlomming.ipynb
[NotebookApp | INFO] Saving file at /PartitionAndGlomming.ipynb
[NotebookApp | INFO] Saving file at /PartitionAndGlomming.ipynb
[NotebookApp | INFO] Starting buffering for 3b6fd3cb-4f94-4f6b-94c6-2b59110815ff:dc2f132962e544c790cf058a0618a6bf
[NotebookApp | INFO] Adapting to protocol v5.1 for kernel 3b6fd3cb-4f94-4f6b-94c6-2b59110815ff
[NotebookApp | INFO] Adapting to protocol v5.1 for kernel dfbb1651-c8bc-4d09-93e9-12aef7f70843
[NotebookApp | WARNING] 404 GET /static/components/bootstrap/js/tooltip.js?v=20191017163542 (172.17.0.1) 3.56ms referer=http://localhost:8889/notebooks/PartitionAndGlomming.ipynb
[NotebookApp | WARNING] 404 GET /static/components/bootstrap/js/tooltip.js?v=20191017163542 (172.17.0.1) 2.16ms referer=http://localhost:8889/notebooks/LazyEvaluation.ipynb
[NotebookApp | INFO] Starting buffering for dfbb1651-c8bc-4d09-93e9-12aef7f70843:04acef0f1bb7448da21c99b5dfa27f15
[NotebookApp | INFO] Starting buffering for 3b6fd3cb-4f94-4f6b-94c6-2b59110815ff:70489be3b45b45388c9df79fda4bf0cd
[NotebookApp | INFO] 302 GET / (172.17.0.1) 0.72ms
[NotebookApp | INFO] Creating new notebook in 
[NotebookApp | INFO] Kernel started: 99d59fc8-75ba-4bcf-9fd0-f8018fd55015
[NotebookApp | WARNING] 404 GET /static/components/bootstrap/js/tooltip.js?v=20191017163542 (172.17.0.1) 3.41ms referer=http://localhost:8889/notebooks/Untitled.ipynb?kernel_name=python3
[NotebookApp | INFO] Adapting to protocol v5.1 for kernel 99d59fc8-75ba-4bcf-9fd0-f8018fd55015
[NotebookApp | INFO] Starting buffering for 99d59fc8-75ba-4bcf-9fd0-f8018fd55015:4350cd3f36fc488189be4f11f396026e
[NotebookApp | INFO] Kernel shutdown: 99d59fc8-75ba-4bcf-9fd0-f8018fd55015
[NotebookApp | WARNING] delete /Chaining.ipynb
[NotebookApp | WARNING] 404 GET /static/components/bootstrap/js/tooltip.js?v=20191017163542 (172.17.0.1) 2.41ms referer=http://localhost:8889/notebooks/PartitionAndGlomming.ipynb
[NotebookApp | INFO] Adapting to protocol v5.1 for kernel 3b6fd3cb-4f94-4f6b-94c6-2b59110815ff
[NotebookApp | INFO] Saving file at /PartitionAndGlomming.ipynb
[NotebookApp | INFO] Starting buffering for 3b6fd3cb-4f94-4f6b-94c6-2b59110815ff:c50f0cb170be4245883e10f9bde28638
[NotebookApp | INFO] Creating new notebook in 
[NotebookApp | INFO] Kernel started: f0922829-6fb8-461b-bf33-f29e1a053a77
[NotebookApp | WARNING] 404 GET /static/components/bootstrap/js/tooltip.js?v=20191017163542 (172.17.0.1) 3.77ms referer=http://localhost:8889/notebooks/Untitled.ipynb?kernel_name=python3
[NotebookApp | INFO] Adapting to protocol v5.1 for kernel f0922829-6fb8-461b-bf33-f29e1a053a77
[NotebookApp | INFO] Saving file at /Chaining.ipynb
[NotebookApp | INFO] Saving file at /Chaining.ipynb
[NotebookApp | INFO] Saving file at /Chaining.ipynb
[NotebookApp | INFO] Saving file at /Chaining.ipynb
[NotebookApp | INFO] Adapting to protocol v5.1 for kernel dfbb1651-c8bc-4d09-93e9-12aef7f70843
[NotebookApp | WARNING] 404 GET /static/components/bootstrap/js/tooltip.js?v=20191017163542 (172.17.0.1) 4.31ms referer=http://localhost:8889/notebooks/LazyEvaluation.ipynb
[NotebookApp | INFO] Saving file at /LazyEvaluation.ipynb
[NotebookApp | INFO] Starting buffering for dfbb1651-c8bc-4d09-93e9-12aef7f70843:8c5b14b3f2af48fba481dbce0c6c03d7
[NotebookApp | INFO] Saving file at /Chaining.ipynb
[NotebookApp | INFO] Saving file at /Chaining.ipynb
[NotebookApp | INFO] Saving file at /Chaining.ipynb
[NotebookApp | INFO] Saving file at /Chaining.ipynb
[NotebookApp | INFO] Saving file at /Chaining.ipynb
[NotebookApp | INFO] Saving file at /Chaining.ipynb
[NotebookApp | INFO] Adapting to protocol v5.1 for kernel 3b6fd3cb-4f94-4f6b-94c6-2b59110815ff
[NotebookApp | WARNING] 404 GET /static/components/bootstrap/js/tooltip.js?v=20191017163542 (172.17.0.1) 3.62ms referer=http://localhost:8889/notebooks/PartitionAndGlomming.ipynb
[NotebookApp | INFO] Starting buffering for 3b6fd3cb-4f94-4f6b-94c6-2b59110815ff:5e83b467c4a840a684803b0ecac54f58
[NotebookApp | INFO] Adapting to protocol v5.1 for kernel 3b6fd3cb-4f94-4f6b-94c6-2b59110815ff
[NotebookApp | WARNING] 404 GET /static/components/bootstrap/js/tooltip.js?v=20191017163542 (172.17.0.1) 2.40ms referer=http://localhost:8889/notebooks/PartitionAndGlomming.ipynb
[NotebookApp | INFO] Starting buffering for 3b6fd3cb-4f94-4f6b-94c6-2b59110815ff:079e774b8a19417685925363201c363f
[NotebookApp | INFO] Saving file at /Chaining.ipynb
[NotebookApp | INFO] Saving file at /Chaining.ipynb
[NotebookApp | INFO] Saving file at /Chaining.ipynb
[NotebookApp | INFO] Saving file at /Chaining.ipynb
[NotebookApp | INFO] Saving file at /Chaining.ipynb
[NotebookApp | INFO] Saving file at /Chaining.ipynb
[NotebookApp | INFO] Saving file at /Chaining.ipynb
[NotebookApp | INFO] Saving file at /Chaining.ipynb
[NotebookApp | INFO] Saving file at /Chaining.ipynb
[NotebookApp | INFO] Saving file at /Chaining.ipynb
[NotebookApp | INFO] Saving file at /Chaining.ipynb
[NotebookApp | INFO] Saving file at /Chaining.ipynb
[NotebookApp | INFO] Saving file at /Chaining.ipynb
[NotebookApp | INFO] Saving file at /Chaining.ipynb
[NotebookApp | INFO] Saving file at /Chaining.ipynb
[NotebookApp | INFO] Starting buffering for f0922829-6fb8-461b-bf33-f29e1a053a77:29887cdded3a4004ad95a143917a71f9
[NotebookApp | INFO] 302 GET / (172.17.0.1) 3.55ms
[NotebookApp | INFO] Adapting to protocol v5.1 for kernel f0922829-6fb8-461b-bf33-f29e1a053a77
[NotebookApp | WARNING] 404 GET /static/components/bootstrap/js/tooltip.js?v=20191017163542 (172.17.0.1) 20.96ms referer=http://localhost:8889/notebooks/Chaining.ipynb
[NotebookApp | INFO] Creating new notebook in 
[NotebookApp | INFO] Kernel started: eeda2178-9c8e-4b6e-9fbf-3a6fc5f0e682
[NotebookApp | WARNING] 404 GET /static/components/bootstrap/js/tooltip.js?v=20191017163542 (172.17.0.1) 12.46ms referer=http://localhost:8889/notebooks/Untitled.ipynb?kernel_name=python3
[NotebookApp | INFO] Adapting to protocol v5.1 for kernel eeda2178-9c8e-4b6e-9fbf-3a6fc5f0e682
[NotebookApp | INFO] Saving file at /Chaining.ipynb
[NotebookApp | INFO] Saving file at /Chaining.ipynb
[NotebookApp | INFO] Starting buffering for f0922829-6fb8-461b-bf33-f29e1a053a77:17962f52601a4b79840276e1f3ddce74
[NotebookApp | INFO] Saving file at /word_count.ipynb
[NotebookApp | INFO] Saving file at /word_count.ipynb
[NotebookApp | INFO] Saving file at /word_count.ipynb
[NotebookApp | INFO] Adapting to protocol v5.1 for kernel f0922829-6fb8-461b-bf33-f29e1a053a77
[NotebookApp | WARNING] 404 GET /static/components/bootstrap/js/tooltip.js?v=20191017163542 (172.17.0.1) 24.20ms referer=http://localhost:8889/notebooks/Chaining.ipynb
[NotebookApp | INFO] Saving file at /word_count.ipynb
[NotebookApp | INFO] Saving file at /Chaining.ipynb
[NotebookApp | INFO] Saving file at /word_count.ipynb
[NotebookApp | INFO] Saving file at /word_count.ipynb
[NotebookApp | INFO] Saving file at /word_count.ipynb
[NotebookApp | INFO] Saving file at /word_count.ipynb
[NotebookApp | INFO] Saving file at /word_count.ipynb
[NotebookApp | INFO] Starting buffering for f0922829-6fb8-461b-bf33-f29e1a053a77:5477c5ebe9fd4a898b3b46e902f654fc
[NotebookApp | INFO] Saving file at /word_count.ipynb
[NotebookApp | INFO] Adapting to protocol v5.1 for kernel 3b6fd3cb-4f94-4f6b-94c6-2b59110815ff
[NotebookApp | INFO] Starting buffering for 3b6fd3cb-4f94-4f6b-94c6-2b59110815ff:a920663177134c3689fafa7341dd30b8
[NotebookApp | INFO] Adapting to protocol v5.1 for kernel dfbb1651-c8bc-4d09-93e9-12aef7f70843
[NotebookApp | WARNING] 404 GET /static/components/bootstrap/js/tooltip.js?v=20191017163542 (172.17.0.1) 6.79ms referer=http://localhost:8889/notebooks/LazyEvaluation.ipynb
[NotebookApp | INFO] Saving file at /word_count.ipynb
[NotebookApp | INFO] Saving file at /LazyEvaluation.ipynb
[NotebookApp | INFO] Saving file at /word_count.ipynb
[NotebookApp | INFO] Starting buffering for dfbb1651-c8bc-4d09-93e9-12aef7f70843:674af4db967e45f2846b9d76dd549466
[NotebookApp | INFO] Adapting to protocol v5.1 for kernel 3b6fd3cb-4f94-4f6b-94c6-2b59110815ff
[NotebookApp | WARNING] 404 GET /static/components/bootstrap/js/tooltip.js?v=20191017163542 (172.17.0.1) 16.44ms referer=http://localhost:8889/notebooks/PartitionAndGlomming.ipynb
[NotebookApp | INFO] Starting buffering for 3b6fd3cb-4f94-4f6b-94c6-2b59110815ff:6bce563bb3ce47118604acfc7d2eb78b
[NotebookApp | WARNING] Notebook collinearPoints.ipynb is not trusted
[NotebookApp | INFO] 302 GET /notebooks/non-collinear-points.jpg (172.17.0.1) 7.96ms
[NotebookApp | INFO] Saving file at /word_count.ipynb
[NotebookApp | INFO] Saving file at /word_count.ipynb
[NotebookApp | INFO] Saving file at /word_count.ipynb
[NotebookApp | INFO] Saving file at /word_count.ipynb
[NotebookApp | INFO] Saving file at /word_count.ipynb
[NotebookApp | INFO] Saving file at /word_count.ipynb
[NotebookApp | INFO] Saving file at /word_count.ipynb
[NotebookApp | INFO] Saving file at /word_count.ipynb
[NotebookApp | INFO] Saving file at /word_count.ipynb
[NotebookApp | INFO] Saving file at /word_count.ipynb
[NotebookApp | INFO] Saving file at /word_count.ipynb
[NotebookApp | INFO] Saving file at /word_count.ipynb
[NotebookApp | INFO] Saving file at /word_count.ipynb
[NotebookApp | INFO] Saving file at /word_count.ipynb
[NotebookApp | INFO] Saving file at /word_count.ipynb
[NotebookApp | INFO] Saving file at /word_count.ipynb
[NotebookApp | INFO] Saving file at /word_count.ipynb
[NotebookApp | INFO] Saving file at /word_count.ipynb
[NotebookApp | INFO] Starting buffering for eeda2178-9c8e-4b6e-9fbf-3a6fc5f0e682:99c7ce6374624f6e9f537786f59d59f5
